running
Epoch: 1/400
Train Loss (MSE): 1.0631 | Train MAE: 0.8123
Test Loss (MSE): 1.4254 | Test MAE: 0.6233
--------------------
Epoch: 2/400
Train Loss (MSE): 0.7450 | Train MAE: 0.6728
Test Loss (MSE): 0.9833 | Test MAE: 0.5404
--------------------
Epoch: 3/400
Train Loss (MSE): 0.6580 | Train MAE: 0.6314
Test Loss (MSE): 1.0582 | Test MAE: 0.5337
--------------------
Epoch: 4/400
Train Loss (MSE): 0.6234 | Train MAE: 0.6147
Test Loss (MSE): 0.5250 | Test MAE: 0.4902
--------------------
Epoch: 5/400
Train Loss (MSE): 0.6113 | Train MAE: 0.6082
Test Loss (MSE): 0.4787 | Test MAE: 0.4772
--------------------
Epoch: 6/400
Train Loss (MSE): 0.6013 | Train MAE: 0.6023
Test Loss (MSE): 0.5075 | Test MAE: 0.4727
--------------------
Epoch: 7/400
Train Loss (MSE): 0.5935 | Train MAE: 0.6001
Test Loss (MSE): 1.0229 | Test MAE: 0.4877
--------------------
Epoch: 8/400
Train Loss (MSE): 0.5879 | Train MAE: 0.5960
Test Loss (MSE): 0.4964 | Test MAE: 0.4644
--------------------
Epoch: 9/400
Train Loss (MSE): 0.5822 | Train MAE: 0.5933
Test Loss (MSE): 0.4617 | Test MAE: 0.4655
--------------------
Epoch: 10/400
Train Loss (MSE): 0.5736 | Train MAE: 0.5897
Test Loss (MSE): 0.8769 | Test MAE: 0.4974
--------------------
Epoch: 11/400
Train Loss (MSE): 0.5683 | Train MAE: 0.5864
Test Loss (MSE): 0.9444 | Test MAE: 0.4973
--------------------
Epoch: 12/400
Train Loss (MSE): 0.5591 | Train MAE: 0.5823
Test Loss (MSE): 0.5910 | Test MAE: 0.4850
--------------------
Epoch: 13/400
Train Loss (MSE): 0.5525 | Train MAE: 0.5787
Test Loss (MSE): 0.6438 | Test MAE: 0.4708
--------------------
Epoch: 14/400
Train Loss (MSE): 0.5418 | Train MAE: 0.5725
Test Loss (MSE): 0.5318 | Test MAE: 0.4828
--------------------
Epoch: 15/400
Train Loss (MSE): 0.5348 | Train MAE: 0.5696
Test Loss (MSE): 0.6097 | Test MAE: 0.4760
--------------------
Epoch: 16/400
Train Loss (MSE): 0.5272 | Train MAE: 0.5665
Test Loss (MSE): 0.6370 | Test MAE: 0.4849
--------------------
Epoch: 17/400
Train Loss (MSE): 0.5215 | Train MAE: 0.5628
Test Loss (MSE): 0.4541 | Test MAE: 0.4714
--------------------
Epoch: 18/400
Train Loss (MSE): 0.5152 | Train MAE: 0.5608
Test Loss (MSE): 0.5112 | Test MAE: 0.4925
--------------------
Epoch: 19/400
Train Loss (MSE): 0.5118 | Train MAE: 0.5585
Test Loss (MSE): 0.4822 | Test MAE: 0.4898
--------------------
Epoch: 20/400
Train Loss (MSE): 0.5030 | Train MAE: 0.5545
Test Loss (MSE): 0.5372 | Test MAE: 0.4873
--------------------
Epoch: 21/400
Train Loss (MSE): 0.5000 | Train MAE: 0.5532
Test Loss (MSE): 0.4706 | Test MAE: 0.4701
--------------------
Epoch: 22/400
Train Loss (MSE): 0.4933 | Train MAE: 0.5496
Test Loss (MSE): 0.4824 | Test MAE: 0.4837
--------------------
Epoch: 23/400
Train Loss (MSE): 0.4894 | Train MAE: 0.5475
Test Loss (MSE): 0.4527 | Test MAE: 0.4747
--------------------
Epoch: 24/400
Train Loss (MSE): 0.4845 | Train MAE: 0.5457
Test Loss (MSE): 3.6420 | Test MAE: 0.5403
--------------------
Epoch: 25/400
Train Loss (MSE): 0.4817 | Train MAE: 0.5442
Test Loss (MSE): 5.9260 | Test MAE: 0.5545
--------------------
Epoch: 26/400
Train Loss (MSE): 0.4778 | Train MAE: 0.5432
Test Loss (MSE): 0.6085 | Test MAE: 0.4879
--------------------
Epoch: 27/400
Train Loss (MSE): 0.4757 | Train MAE: 0.5424
Test Loss (MSE): 1.1629 | Test MAE: 0.5114
--------------------
Epoch: 28/400
Train Loss (MSE): 0.4713 | Train MAE: 0.5404
Test Loss (MSE): 0.4676 | Test MAE: 0.4693
--------------------
Epoch: 29/400
Train Loss (MSE): 0.4693 | Train MAE: 0.5393
Test Loss (MSE): 5.5043 | Test MAE: 0.5466
--------------------
Epoch: 30/400
Train Loss (MSE): 0.4639 | Train MAE: 0.5376
Test Loss (MSE): 10.4104 | Test MAE: 0.5651
--------------------
Epoch: 31/400
Train Loss (MSE): 0.4628 | Train MAE: 0.5366
Test Loss (MSE): 0.4429 | Test MAE: 0.4635
--------------------
Epoch: 32/400
Train Loss (MSE): 0.4612 | Train MAE: 0.5361
Test Loss (MSE): 0.5686 | Test MAE: 0.4722
--------------------
Epoch: 33/400
Train Loss (MSE): 0.4603 | Train MAE: 0.5356
Test Loss (MSE): 0.5246 | Test MAE: 0.4736
--------------------
Epoch: 34/400
Train Loss (MSE): 0.4582 | Train MAE: 0.5346
Test Loss (MSE): 0.4429 | Test MAE: 0.4717
--------------------
Epoch: 35/400
Train Loss (MSE): 0.4560 | Train MAE: 0.5344
Test Loss (MSE): 0.4780 | Test MAE: 0.4829
--------------------
Epoch: 36/400
Train Loss (MSE): 0.4520 | Train MAE: 0.5325
Test Loss (MSE): 0.4385 | Test MAE: 0.4784
--------------------
Epoch: 37/400
Train Loss (MSE): 0.4517 | Train MAE: 0.5326
Test Loss (MSE): 0.4714 | Test MAE: 0.4780
--------------------
Epoch: 38/400
Train Loss (MSE): 0.4485 | Train MAE: 0.5309
Test Loss (MSE): 0.7834 | Test MAE: 0.4793
--------------------
Epoch: 39/400
Train Loss (MSE): 0.4461 | Train MAE: 0.5300
Test Loss (MSE): 0.4435 | Test MAE: 0.4831
--------------------
Epoch: 40/400
Train Loss (MSE): 0.4460 | Train MAE: 0.5298
Test Loss (MSE): 0.4405 | Test MAE: 0.4838
--------------------
Epoch: 41/400
Train Loss (MSE): 0.4464 | Train MAE: 0.5307
Test Loss (MSE): 0.4548 | Test MAE: 0.4975
--------------------
Epoch: 42/400
Train Loss (MSE): 0.4437 | Train MAE: 0.5287
Test Loss (MSE): 0.4650 | Test MAE: 0.4999
--------------------
Epoch: 43/400
Train Loss (MSE): 0.4427 | Train MAE: 0.5284
Test Loss (MSE): 0.4376 | Test MAE: 0.4804
--------------------
Epoch: 44/400
Train Loss (MSE): 0.4428 | Train MAE: 0.5283
Test Loss (MSE): 0.4261 | Test MAE: 0.4886
--------------------
Epoch: 45/400
Train Loss (MSE): 0.4420 | Train MAE: 0.5275
Test Loss (MSE): 0.4298 | Test MAE: 0.4868
--------------------
Epoch: 46/400
Train Loss (MSE): 0.4413 | Train MAE: 0.5282
Test Loss (MSE): 0.4381 | Test MAE: 0.4743
--------------------
Epoch: 47/400
Train Loss (MSE): 0.4410 | Train MAE: 0.5271
Test Loss (MSE): 0.5257 | Test MAE: 0.4890
--------------------
Epoch: 48/400
Train Loss (MSE): 0.4373 | Train MAE: 0.5248
Test Loss (MSE): 0.4834 | Test MAE: 0.4930
--------------------
Epoch: 49/400
Train Loss (MSE): 0.4394 | Train MAE: 0.5263
Test Loss (MSE): 0.6018 | Test MAE: 0.4804
--------------------
Epoch: 50/400
Train Loss (MSE): 0.4385 | Train MAE: 0.5259
Test Loss (MSE): 0.5815 | Test MAE: 0.4910
--------------------
Epoch: 51/400
Train Loss (MSE): 0.4382 | Train MAE: 0.5259
Test Loss (MSE): 0.7197 | Test MAE: 0.4848
--------------------
Epoch: 52/400
Train Loss (MSE): 0.4364 | Train MAE: 0.5246
Test Loss (MSE): 0.5385 | Test MAE: 0.4918
--------------------
Epoch: 53/400
Train Loss (MSE): 0.4364 | Train MAE: 0.5251
Test Loss (MSE): 0.5349 | Test MAE: 0.4711
--------------------
Epoch: 54/400
Train Loss (MSE): 0.4344 | Train MAE: 0.5235
Test Loss (MSE): 0.5293 | Test MAE: 0.4937
--------------------
Epoch    55: reducing learning rate of group 0 to 8.0000e-05.
Epoch: 55/400
Train Loss (MSE): 0.4358 | Train MAE: 0.5245
Test Loss (MSE): 0.4934 | Test MAE: 0.4946
--------------------
Epoch: 56/400
Train Loss (MSE): 0.4335 | Train MAE: 0.5233
Test Loss (MSE): 0.4496 | Test MAE: 0.4896
--------------------
Epoch: 57/400
Train Loss (MSE): 0.4330 | Train MAE: 0.5233
Test Loss (MSE): 0.5389 | Test MAE: 0.4929
--------------------
Epoch: 58/400
Train Loss (MSE): 0.4311 | Train MAE: 0.5227
Test Loss (MSE): 0.6886 | Test MAE: 0.4765
--------------------
Epoch: 59/400
Train Loss (MSE): 0.4328 | Train MAE: 0.5233
Test Loss (MSE): 4.3661 | Test MAE: 0.5696
--------------------
Epoch: 60/400
Train Loss (MSE): 0.4331 | Train MAE: 0.5235
Test Loss (MSE): 0.7260 | Test MAE: 0.4871
--------------------
Epoch: 61/400
Train Loss (MSE): 0.4312 | Train MAE: 0.5233
Test Loss (MSE): 0.7318 | Test MAE: 0.4936
--------------------
Epoch: 62/400
Train Loss (MSE): 0.4314 | Train MAE: 0.5224
Test Loss (MSE): 0.5363 | Test MAE: 0.4872
--------------------
Epoch: 63/400
Train Loss (MSE): 0.4307 | Train MAE: 0.5228
Test Loss (MSE): 0.7520 | Test MAE: 0.4895
--------------------
Epoch: 64/400
Train Loss (MSE): 0.4292 | Train MAE: 0.5211
Test Loss (MSE): 0.6556 | Test MAE: 0.4805
--------------------
Epoch: 65/400
Train Loss (MSE): 0.4284 | Train MAE: 0.5208
Test Loss (MSE): 0.4873 | Test MAE: 0.4867
--------------------
Epoch    66: reducing learning rate of group 0 to 6.4000e-05.
Epoch: 66/400
Train Loss (MSE): 0.4301 | Train MAE: 0.5222
Test Loss (MSE): 0.4607 | Test MAE: 0.4897
--------------------
Epoch: 67/400
Train Loss (MSE): 0.4291 | Train MAE: 0.5212
Test Loss (MSE): 0.5004 | Test MAE: 0.4985
--------------------
Epoch: 68/400
Train Loss (MSE): 0.4297 | Train MAE: 0.5221
Test Loss (MSE): 0.4351 | Test MAE: 0.4734
--------------------
Epoch: 69/400
Train Loss (MSE): 0.4282 | Train MAE: 0.5204
Test Loss (MSE): 0.4170 | Test MAE: 0.4741
--------------------
Epoch: 70/400
Train Loss (MSE): 0.4293 | Train MAE: 0.5216
Test Loss (MSE): 0.4354 | Test MAE: 0.4750
--------------------
Epoch: 71/400
Train Loss (MSE): 0.4277 | Train MAE: 0.5206
Test Loss (MSE): 0.4355 | Test MAE: 0.4720
--------------------
Epoch: 72/400
Train Loss (MSE): 0.4279 | Train MAE: 0.5211
Test Loss (MSE): 0.4967 | Test MAE: 0.4934
--------------------
Epoch: 73/400
Train Loss (MSE): 0.4278 | Train MAE: 0.5204
Test Loss (MSE): 0.4976 | Test MAE: 0.4818
--------------------
Epoch: 74/400
Train Loss (MSE): 0.4275 | Train MAE: 0.5206
Test Loss (MSE): 0.4942 | Test MAE: 0.4896
--------------------
Epoch: 75/400
Train Loss (MSE): 0.4279 | Train MAE: 0.5204
Test Loss (MSE): 0.5146 | Test MAE: 0.4954
--------------------
Epoch: 76/400
Train Loss (MSE): 0.4285 | Train MAE: 0.5207
Test Loss (MSE): 0.5210 | Test MAE: 0.4903
--------------------
Epoch: 77/400
Train Loss (MSE): 0.4259 | Train MAE: 0.5192
Test Loss (MSE): 0.5773 | Test MAE: 0.4920
--------------------
Epoch: 78/400
Train Loss (MSE): 0.4274 | Train MAE: 0.5200
Test Loss (MSE): 0.5056 | Test MAE: 0.4729
--------------------
Epoch: 79/400
Train Loss (MSE): 0.4278 | Train MAE: 0.5207
Test Loss (MSE): 0.5926 | Test MAE: 0.4881
--------------------
Epoch    80: reducing learning rate of group 0 to 5.1200e-05.
Epoch: 80/400
Train Loss (MSE): 0.4279 | Train MAE: 0.5205
Test Loss (MSE): 0.6535 | Test MAE: 0.4775
--------------------
Epoch: 81/400
Train Loss (MSE): 0.4252 | Train MAE: 0.5189
Test Loss (MSE): 0.6129 | Test MAE: 0.4854
--------------------
Epoch: 82/400
Train Loss (MSE): 0.4263 | Train MAE: 0.5205
Test Loss (MSE): 0.6594 | Test MAE: 0.4906
--------------------
Epoch: 83/400
Train Loss (MSE): 0.4266 | Train MAE: 0.5202
Test Loss (MSE): 0.6016 | Test MAE: 0.4840
--------------------
Epoch: 84/400
Train Loss (MSE): 0.4266 | Train MAE: 0.5201
Test Loss (MSE): 0.5696 | Test MAE: 0.4760
--------------------
Epoch: 85/400
Train Loss (MSE): 0.4247 | Train MAE: 0.5185
Test Loss (MSE): 0.5956 | Test MAE: 0.4698
--------------------
Epoch: 86/400
Train Loss (MSE): 0.4264 | Train MAE: 0.5194
Test Loss (MSE): 0.6178 | Test MAE: 0.4886
--------------------
Epoch: 87/400
Train Loss (MSE): 0.4266 | Train MAE: 0.5195
Test Loss (MSE): 0.6387 | Test MAE: 0.4719
--------------------
Epoch: 88/400
Train Loss (MSE): 0.4259 | Train MAE: 0.5197
Test Loss (MSE): 0.6801 | Test MAE: 0.4845
--------------------
Epoch: 89/400
Train Loss (MSE): 0.4268 | Train MAE: 0.5197
Test Loss (MSE): 0.6610 | Test MAE: 0.4876
--------------------
Epoch: 90/400
Train Loss (MSE): 0.4265 | Train MAE: 0.5199
Test Loss (MSE): 0.6750 | Test MAE: 0.4762
--------------------
Epoch    91: reducing learning rate of group 0 to 4.0960e-05.
Epoch: 91/400
Train Loss (MSE): 0.4249 | Train MAE: 0.5187
Test Loss (MSE): 0.6794 | Test MAE: 0.4834
--------------------
Epoch: 92/400
Train Loss (MSE): 0.4242 | Train MAE: 0.5184
Test Loss (MSE): 0.6579 | Test MAE: 0.4787
--------------------
Epoch: 93/400
Train Loss (MSE): 0.4265 | Train MAE: 0.5199
Test Loss (MSE): 0.6792 | Test MAE: 0.4769
--------------------
Epoch: 94/400
Train Loss (MSE): 0.4255 | Train MAE: 0.5197
Test Loss (MSE): 0.7226 | Test MAE: 0.4770
--------------------
Epoch: 95/400
Train Loss (MSE): 0.4233 | Train MAE: 0.5174
Test Loss (MSE): 0.7860 | Test MAE: 0.4828
--------------------
Epoch: 96/400
Train Loss (MSE): 0.4251 | Train MAE: 0.5193
Test Loss (MSE): 0.8214 | Test MAE: 0.4760
--------------------
Epoch: 97/400
Train Loss (MSE): 0.4251 | Train MAE: 0.5188
Test Loss (MSE): 0.9214 | Test MAE: 0.4919
--------------------
Epoch: 98/400
Train Loss (MSE): 0.4253 | Train MAE: 0.5194
Test Loss (MSE): 0.8604 | Test MAE: 0.4800
--------------------
Epoch: 99/400
Train Loss (MSE): 0.4242 | Train MAE: 0.5185
Test Loss (MSE): 6.2036 | Test MAE: 0.5795
--------------------
Epoch: 100/400
Train Loss (MSE): 0.4248 | Train MAE: 0.5192
Test Loss (MSE): 0.9484 | Test MAE: 0.4773
--------------------
Epoch: 101/400
Train Loss (MSE): 0.4260 | Train MAE: 0.5195
Test Loss (MSE): 0.8522 | Test MAE: 0.4811
--------------------
Epoch   102: reducing learning rate of group 0 to 3.2768e-05.
Epoch: 102/400
Train Loss (MSE): 0.4252 | Train MAE: 0.5195
Test Loss (MSE): 0.8244 | Test MAE: 0.4700
--------------------
Epoch: 103/400
Train Loss (MSE): 0.4240 | Train MAE: 0.5189
Test Loss (MSE): 0.9177 | Test MAE: 0.4802
--------------------
Epoch: 104/400
Train Loss (MSE): 0.4233 | Train MAE: 0.5179
Test Loss (MSE): 0.9118 | Test MAE: 0.4775
--------------------
Epoch: 105/400
Train Loss (MSE): 0.4244 | Train MAE: 0.5183
Test Loss (MSE): 0.9580 | Test MAE: 0.4715
--------------------
Epoch: 106/400
Train Loss (MSE): 0.4242 | Train MAE: 0.5186
Test Loss (MSE): 0.8686 | Test MAE: 0.4763
--------------------
Epoch: 107/400
Train Loss (MSE): 0.4243 | Train MAE: 0.5184
Test Loss (MSE): 1.2407 | Test MAE: 0.4925
--------------------
Epoch: 108/400
Train Loss (MSE): 0.4249 | Train MAE: 0.5191
Test Loss (MSE): 0.9786 | Test MAE: 0.4796
--------------------
Early stopping triggered at epoch 109
Saving test statistics 


Plots and statistics saved to /home/groups/henderj/rzwang/figures/pitch_plots/pitch_plot_20250318_121734/
Best trials:
  1. File: scaled_100wpm_POD0000000031_S0000144.wav, MAE: 0.1921
  2. File: scaled_100wpm_YOU0000000525_S0000199.wav, MAE: 0.2053
  3. File: scaled_100wpm_YOU0000000081_S0000304.wav, MAE: 0.2304

Worst trials:
  1. File: scaled_100wpm_YOU0000000315_S0002796.wav, MAE: 0.8218
  2. File: scaled_100wpm_YOU0000000541_S0000032.wav, MAE: 1.1475
  3. File: scaled_100wpm_YOU0000000315_S0000446.wav, MAE: 1.4897

Mean trial error: 0.4707 ± 0.2265
